# JRE version: Java(TM) SE Runtime Environment (8.0_45-b15) (build 1.8.0_45-b15)
# Java VM: Java HotSpot(TM) 64-Bit Server VM (25.45-b02 mixed mode windows-amd64 compressed oops)
Heap:
 PSYoungGen      total 229376K, used 113298K [0x00000000eb000000, 0x0000000100000000, 0x0000000100000000)
  eden space 114688K, 98% used [0x00000000eb000000,0x00000000f1ea49f8,0x00000000f2000000)
  from space 114688K, 0% used [0x00000000f2000000,0x00000000f2000000,0x00000000f9000000)
  to   space 114688K, 0% used [0x00000000f9000000,0x00000000f9000000,0x0000000100000000)
 ParOldGen       total 688128K, used 687801K [0x00000000c1000000, 0x00000000eb000000, 0x00000000eb000000)
  object space 688128K, 99% used [0x00000000c1000000,0x00000000eafae530,0x00000000eb000000)
 Metaspace       used 29951K, capacity 30641K, committed 30848K, reserved 1077248K
  class space    used 3467K, capacity 3667K, committed 3712K, reserved 1048576K
GC Heap History (10 events):
Event: 77.338 GC heap after
Heap after GC invocations=28 (full 7):
 PSYoungGen      total 229376K, used 255K [0x00000000eb000000, 0x0000000100000000, 0x0000000100000000)
  eden space 114688K, 0% used [0x00000000eb000000,0x00000000eb03ffa0,0x00000000f2000000)
  from space 114688K, 0% used [0x00000000f2000000,0x00000000f2000000,0x00000000f9000000)
  to   space 114688K, 0% used [0x00000000f9000000,0x00000000f9000000,0x0000000100000000)
 ParOldGen       total 688128K, used 687935K [0x00000000c1000000, 0x00000000eb000000, 0x00000000eb000000)
  object space 688128K, 99% used [0x00000000c1000000,0x00000000eafcfc80,0x00000000eb000000)
 Metaspace       used 26610K, capacity 27314K, committed 27520K, reserved 1073152K
  class space    used 3220K, capacity 3429K, committed 3456K, reserved 1048576K
}
Event: 79.841 GC heap before
{Heap before GC invocations=29 (full 8):
 PSYoungGen      total 229376K, used 114688K [0x00000000eb000000, 0x0000000100000000, 0x0000000100000000)
  eden space 114688K, 100% used [0x00000000eb000000,0x00000000f2000000,0x00000000f2000000)
  from space 114688K, 0% used [0x00000000f2000000,0x00000000f2000000,0x00000000f9000000)
  to   space 114688K, 0% used [0x00000000f9000000,0x00000000f9000000,0x0000000100000000)
 ParOldGen       total 688128K, used 687935K [0x00000000c1000000, 0x00000000eb000000, 0x00000000eb000000)
  object space 688128K, 99% used [0x00000000c1000000,0x00000000eafcfc80,0x00000000eb000000)
 Metaspace       used 29236K, capacity 29956K, committed 30080K, reserved 1075200K
  class space    used 3456K, capacity 3666K, committed 3712K, reserved 1048576K
Event: 85.108 GC heap after
Heap after GC invocations=29 (full 8):
 PSYoungGen      total 229376K, used 0K [0x00000000eb000000, 0x0000000100000000, 0x0000000100000000)
  eden space 114688K, 0% used [0x00000000eb000000,0x00000000eb000000,0x00000000f2000000)
  from space 114688K, 0% used [0x00000000f2000000,0x00000000f2000000,0x00000000f9000000)
  to   space 114688K, 0% used [0x00000000f9000000,0x00000000f9000000,0x0000000100000000)
 ParOldGen       total 688128K, used 683983K [0x00000000c1000000, 0x00000000eb000000, 0x00000000eb000000)
  object space 688128K, 99% used [0x00000000c1000000,0x00000000eabf3dd8,0x00000000eb000000)
 Metaspace       used 29236K, capacity 29956K, committed 30080K, reserved 1075200K
  class space    used 3456K, capacity 3666K, committed 3712K, reserved 1048576K
}
Event: 87.616 GC heap before
{Heap before GC invocations=30 (full 9):
 PSYoungGen      total 229376K, used 114688K [0x00000000eb000000, 0x0000000100000000, 0x0000000100000000)
  eden space 114688K, 100% used [0x00000000eb000000,0x00000000f2000000,0x00000000f2000000)
  from space 114688K, 0% used [0x00000000f2000000,0x00000000f2000000,0x00000000f9000000)
  to   space 114688K, 0% used [0x00000000f9000000,0x00000000f9000000,0x0000000100000000)
 ParOldGen       total 688128K, used 683983K [0x00000000c1000000, 0x00000000eb000000, 0x00000000eb000000)
  object space 688128K, 99% used [0x00000000c1000000,0x00000000eabf3dd8,0x00000000eb000000)
 Metaspace       used 29598K, capacity 30307K, committed 30592K, reserved 1077248K
  class space    used 3461K, capacity 3666K, committed 3712K, reserved 1048576K
Event: 91.166 GC heap after
Heap after GC invocations=30 (full 9):
 PSYoungGen      total 229376K, used 0K [0x00000000eb000000, 0x0000000100000000, 0x0000000100000000)
  eden space 114688K, 0% used [0x00000000eb000000,0x00000000eb000000,0x00000000f2000000)
  from space 114688K, 0% used [0x00000000f2000000,0x00000000f2000000,0x00000000f9000000)
  to   space 114688K, 0% used [0x00000000f9000000,0x00000000f9000000,0x0000000100000000)
 ParOldGen       total 688128K, used 682161K [0x00000000c1000000, 0x00000000eb000000, 0x00000000eb000000)
  object space 688128K, 99% used [0x00000000c1000000,0x00000000eaa2c4e0,0x00000000eb000000)
 Metaspace       used 29598K, capacity 30307K, committed 30592K, reserved 1077248K
  class space    used 3461K, capacity 3666K, committed 3712K, reserved 1048576K
}
Event: 93.357 GC heap before
{Heap before GC invocations=31 (full 10):
 PSYoungGen      total 229376K, used 114688K [0x00000000eb000000, 0x0000000100000000, 0x0000000100000000)
  eden space 114688K, 100% used [0x00000000eb000000,0x00000000f2000000,0x00000000f2000000)
  from space 114688K, 0% used [0x00000000f2000000,0x00000000f2000000,0x00000000f9000000)
  to   space 114688K, 0% used [0x00000000f9000000,0x00000000f9000000,0x0000000100000000)
 ParOldGen       total 688128K, used 682161K [0x00000000c1000000, 0x00000000eb000000, 0x00000000eb000000)
  object space 688128K, 99% used [0x00000000c1000000,0x00000000eaa2c4e0,0x00000000eb000000)
 Metaspace       used 29765K, capacity 30437K, committed 30592K, reserved 1077248K
  class space    used 3465K, capacity 3667K, committed 3712K, reserved 1048576K
Event: 101.427 GC heap after
Heap after GC invocations=31 (full 10):
 PSYoungGen      total 229376K, used 14756K [0x00000000eb000000, 0x0000000100000000, 0x0000000100000000)
  eden space 114688K, 12% used [0x00000000eb000000,0x00000000ebe69388,0x00000000f2000000)
  from space 114688K, 0% used [0x00000000f2000000,0x00000000f2000000,0x00000000f9000000)
  to   space 114688K, 0% used [0x00000000f9000000,0x00000000f9000000,0x0000000100000000)
 ParOldGen       total 688128K, used 687727K [0x00000000c1000000, 0x00000000eb000000, 0x00000000eb000000)
  object space 688128K, 99% used [0x00000000c1000000,0x00000000eaf9bdd0,0x00000000eb000000)
 Metaspace       used 29765K, capacity 30437K, committed 30592K, reserved 1077248K
  class space    used 3465K, capacity 3667K, committed 3712K, reserved 1048576K
}
Event: 114.390 GC heap before
{Heap before GC invocations=32 (full 11):
 PSYoungGen      total 229376K, used 114688K [0x00000000eb000000, 0x0000000100000000, 0x0000000100000000)
  eden space 114688K, 100% used [0x00000000eb000000,0x00000000f2000000,0x00000000f2000000)
  from space 114688K, 0% used [0x00000000f2000000,0x00000000f2000000,0x00000000f9000000)
  to   space 114688K, 0% used [0x00000000f9000000,0x00000000f9000000,0x0000000100000000)
 ParOldGen       total 688128K, used 687727K [0x00000000c1000000, 0x00000000eb000000, 0x00000000eb000000)
  object space 688128K, 99% used [0x00000000c1000000,0x00000000eaf9bdd0,0x00000000eb000000)
 Metaspace       used 29867K, capacity 30573K, committed 30848K, reserved 1077248K
  class space    used 3465K, capacity 3667K, committed 3712K, reserved 1048576K
Event: 118.742 GC heap after
Heap after GC invocations=32 (full 11):
 PSYoungGen      total 229376K, used 0K [0x00000000eb000000, 0x0000000100000000, 0x0000000100000000)
  eden space 114688K, 0% used [0x00000000eb000000,0x00000000eb000000,0x00000000f2000000)
  from space 114688K, 0% used [0x00000000f2000000,0x00000000f2000000,0x00000000f9000000)
  to   space 114688K, 0% used [0x00000000f9000000,0x00000000f9000000,0x0000000100000000)
 ParOldGen       total 688128K, used 682171K [0x00000000c1000000, 0x00000000eb000000, 0x00000000eb000000)
  object space 688128K, 99% used [0x00000000c1000000,0x00000000eaa2ee78,0x00000000eb000000)
 Metaspace       used 29867K, capacity 30573K, committed 30848K, reserved 1077248K
  class space    used 3465K, capacity 3667K, committed 3712K, reserved 1048576K
}
Event: 123.364 GC heap before
{Heap before GC invocations=33 (full 12):
 PSYoungGen      total 229376K, used 114688K [0x00000000eb000000, 0x0000000100000000, 0x0000000100000000)
  eden space 114688K, 100% used [0x00000000eb000000,0x00000000f2000000,0x00000000f2000000)
  from space 114688K, 0% used [0x00000000f2000000,0x00000000f2000000,0x00000000f9000000)
  to   space 114688K, 0% used [0x00000000f9000000,0x00000000f9000000,0x0000000100000000)
 ParOldGen       total 688128K, used 682171K [0x00000000c1000000, 0x00000000eb000000, 0x00000000eb000000)
  object space 688128K, 99% used [0x00000000c1000000,0x00000000eaa2ee78,0x00000000eb000000)
 Metaspace       used 29947K, capacity 30641K, committed 30848K, reserved 1077248K
  class space    used 3466K, capacity 3667K, committed 3712K, reserved 1048576K

